  main.cpp
D:\용량부족\비주얼 스튜디오\22학년도 프로그래밍 언어 - C++\C_Double_Plus_in_2022_Practice\source_code\Practice_8\Practice_8\Event.h(4,10): warning C4067: 전처리기 지시문 다음에 예기치 않은 토큰이 있습니다. 줄 바꿈 문자가 필요합니다.
D:\용량부족\비주얼 스튜디오\22학년도 프로그래밍 언어 - C++\C_Double_Plus_in_2022_Practice\source_code\Practice_8\Practice_8\main.cpp(14,1): warning C4326: 'main'의 반환 형식이 'int'이어야 하는데 'void'입니다.
D:\용량부족\비주얼 스튜디오\22학년도 프로그래밍 언어 - C++\C_Double_Plus_in_2022_Practice\source_code\Practice_8\Practice_8\main.cpp(27,3): warning C4551: 함수 호출에 인수 목록이 없습니다.
D:\용량부족\비주얼 스튜디오\22학년도 프로그래밍 언어 - C++\C_Double_Plus_in_2022_Practice\source_code\Practice_8\Practice_8\main.cpp(17,7): warning C4101: 'tmp' :참조되지 않은 지역 변수입니다.
D:\용량부족\비주얼 스튜디오\22학년도 프로그래밍 언어 - C++\C_Double_Plus_in_2022_Practice\source_code\Practice_8\Practice_8\main.cpp(40,9): warning C4101: 'pEv' :참조되지 않은 지역 변수입니다.
D:\용량부족\비주얼 스튜디오\22학년도 프로그래밍 언어 - C++\C_Double_Plus_in_2022_Practice\source_code\Practice_8\Practice_8\main.cpp(22,7): warning C4101: 'pE' :참조되지 않은 지역 변수입니다.
D:\용량부족\비주얼 스튜디오\22학년도 프로그래밍 언어 - C++\C_Double_Plus_in_2022_Practice\source_code\Practice_8\Practice_8\main.cpp(21,6): warning C4101: 'size' :참조되지 않은 지역 변수입니다.
D:\용량부족\비주얼 스튜디오\22학년도 프로그래밍 언어 - C++\C_Double_Plus_in_2022_Practice\source_code\Practice_8\Practice_8\main.cpp(19,6): warning C4101: 'current_top_priority' :참조되지 않은 지역 변수입니다.
D:\용량부족\비주얼 스튜디오\22학년도 프로그래밍 언어 - C++\C_Double_Plus_in_2022_Practice\source_code\Practice_8\Practice_8\HeapPrioQ.h(30,1): error C2512: 'CompleteBinaryTree<K,V>': 사용할 수 있는 적절한 기본 생성자가 없습니다.
          with
          [
              K=int,
              V=Event *
          ]
D:\용량부족\비주얼 스튜디오\22학년도 프로그래밍 언어 - C++\C_Double_Plus_in_2022_Practice\source_code\Practice_8\Practice_8\HeapPrioQ.h(6,30): message : 'CompleteBinaryTree<K,V>' 선언을 참조하십시오.
          with
          [
              K=int,
              V=Event *
          ]
D:\용량부족\비주얼 스튜디오\22학년도 프로그래밍 언어 - C++\C_Double_Plus_in_2022_Practice\source_code\Practice_8\Practice_8\HeapPrioQ.h(29): message : 클래스 템플릿 멤버 함수 'HeapPrioQueue<int,Event *>::HeapPrioQueue(int,std::string)'을(를) 컴파일하는 중입니다.
D:\용량부족\비주얼 스튜디오\22학년도 프로그래밍 언어 - C++\C_Double_Plus_in_2022_Practice\source_code\Practice_8\Practice_8\main.cpp(38): message : 컴파일되는 함수 템플릿 인스턴스화 'HeapPrioQueue<int,Event *>::HeapPrioQueue(int,std::string)'에 대한 참조를 확인하세요.
D:\용량부족\비주얼 스튜디오\22학년도 프로그래밍 언어 - C++\C_Double_Plus_in_2022_Practice\source_code\Practice_8\Practice_8\main.cpp(38): message : 컴파일되는 클래스 템플릿 인스턴스화 'HeapPrioQueue<int,Event *>'에 대한 참조를 확인하세요.
D:\용량부족\비주얼 스튜디오\22학년도 프로그래밍 언어 - C++\C_Double_Plus_in_2022_Practice\source_code\Practice_8\Practice_8\HeapPrioQ.h(29,4): error C2614: 'HeapPrioQueue<int,Event *>': 멤버 초기화가 잘못되었습니다. 'CompleteBinaryTree'이(가) 기본 또는 멤버가 아닙니다.
D:\용량부족\비주얼 스튜디오\22학년도 프로그래밍 언어 - C++\C_Double_Plus_in_2022_Practice\source_code\Practice_8\Practice_8\HeapPrioQ.h(39,1): error C2440: '초기화 중': 'T_Entry<K,V> *'에서 'V *'(으)로 변환할 수 없습니다.
          with
          [
              K=int,
              V=Event *
          ]
          and
          [
              V=Event *
          ]
D:\용량부족\비주얼 스튜디오\22학년도 프로그래밍 언어 - C++\C_Double_Plus_in_2022_Practice\source_code\Practice_8\Practice_8\HeapPrioQ.h(39,12): message : 가리킨 형식이 관련이 없습니다. 변환하려면 reinterpret_cast, C 스타일 캐스트 또는 괄호가 있는 함수 스타일 캐스트가 필요합니다.
D:\용량부족\비주얼 스튜디오\22학년도 프로그래밍 언어 - C++\C_Double_Plus_in_2022_Practice\source_code\Practice_8\Practice_8\HeapPrioQ.h(36): message : 클래스 템플릿 멤버 함수 'int HeapPrioQueue<int,Event *>::insert(T_Entry<K,V> &)'을(를) 컴파일하는 중입니다.
          with
          [
              K=int,
              V=Event *
          ]
D:\용량부족\비주얼 스튜디오\22학년도 프로그래밍 언어 - C++\C_Double_Plus_in_2022_Practice\source_code\Practice_8\Practice_8\main.cpp(46): message : 컴파일되는 함수 템플릿 인스턴스화 'int HeapPrioQueue<int,Event *>::insert(T_Entry<K,V> &)'에 대한 참조를 확인하세요.
          with
          [
              K=int,
              V=Event *
          ]
D:\용량부족\비주얼 스튜디오\22학년도 프로그래밍 언어 - C++\C_Double_Plus_in_2022_Practice\source_code\Practice_8\Practice_8\HeapPrioQ.h(42,17): error C2039: 'getValue': 'HeapPrioQueue<int,Event *>'의 멤버가 아닙니다.
D:\용량부족\비주얼 스튜디오\22학년도 프로그래밍 언어 - C++\C_Double_Plus_in_2022_Practice\source_code\Practice_8\Practice_8\main.cpp(38): message : 'HeapPrioQueue<int,Event *>' 선언을 참조하십시오.
D:\용량부족\비주얼 스튜디오\22학년도 프로그래밍 언어 - C++\C_Double_Plus_in_2022_Practice\source_code\Practice_8\Practice_8\HeapPrioQ.h(45,10): error C3861: 'add_at_end': 식별자를 찾을 수 없습니다.
D:\용량부족\비주얼 스튜디오\22학년도 프로그래밍 언어 - C++\C_Double_Plus_in_2022_Practice\source_code\Practice_8\Practice_8\HeapPrioQ.h(45,10): message : 'add_at_end': 함수가 템플릿 선언 컨텍스트에 선언되지 않았으며 인스턴스화 컨텍스트의 인수 종속성 조회를 통해서만 찾을 수 있습니다.
D:\용량부족\비주얼 스튜디오\22학년도 프로그래밍 언어 - C++\C_Double_Plus_in_2022_Practice\source_code\Practice_8\Practice_8\HeapPrioQ.h(54,1): error C2679: 이항 '=': 오른쪽 피연산자로 'V' 형식을 사용하는 연산자가 없거나 허용되는 변환이 없습니다.
          with
          [
              V=Event *
          ]
D:\용량부족\비주얼 스튜디오\22학년도 프로그래밍 언어 - C++\C_Double_Plus_in_2022_Practice\source_code\Practice_8\Practice_8\T_Entry.h(29,11): message : 'T_Entry<K,V> &T_Entry<K,V>::operator =(T_Entry<K,V> &)'일 수 있습니다.
          with
          [
              K=int,
              V=Event *
          ]
D:\용량부족\비주얼 스튜디오\22학년도 프로그래밍 언어 - C++\C_Double_Plus_in_2022_Practice\source_code\Practice_8\Practice_8\HeapPrioQ.h(54,1): message : 인수 목록 '(T_Entry<K,V>, V)'을(를) 일치시키는 동안
          with
          [
              K=int,
              V=Event *
          ]
          and
          [
              V=Event *
          ]
D:\용량부족\비주얼 스튜디오\22학년도 프로그래밍 언어 - C++\C_Double_Plus_in_2022_Practice\source_code\Practice_8\Practice_8\HeapPrioQ.h(56,1): error C2440: '=': 'T_Entry<K,V>'에서 'V'(으)로 변환할 수 없습니다.
          with
          [
              K=int,
              V=Event *
          ]
          and
          [
              V=Event *
          ]
D:\용량부족\비주얼 스튜디오\22학년도 프로그래밍 언어 - C++\C_Double_Plus_in_2022_Practice\source_code\Practice_8\Practice_8\HeapPrioQ.h(56,27): message : 이 변환을 수행할 수 있는 사용 가능한 사용자 정의 변환 연산자가 없거나 연산자를 호출할 수 없습니다.
D:\용량부족\비주얼 스튜디오\22학년도 프로그래밍 언어 - C++\C_Double_Plus_in_2022_Practice\source_code\Practice_8\Practice_8\HeapPrioQ.h(75,20): error C2039: 'getRootElemen': 'HeapPrioQueue<int,Event *>'의 멤버가 아닙니다.
D:\용량부족\비주얼 스튜디오\22학년도 프로그래밍 언어 - C++\C_Double_Plus_in_2022_Practice\source_code\Practice_8\Practice_8\main.cpp(38): message : 'HeapPrioQueue<int,Event *>' 선언을 참조하십시오.
D:\용량부족\비주얼 스튜디오\22학년도 프로그래밍 언어 - C++\C_Double_Plus_in_2022_Practice\source_code\Practice_8\Practice_8\HeapPrioQ.h(65): message : 클래스 템플릿 멤버 함수 'T_Entry<K,V> *HeapPrioQueue<K,V>::removeHeapMin(void)'을(를) 컴파일하는 중입니다.
          with
          [
              K=int,
              V=Event *
          ]
D:\용량부족\비주얼 스튜디오\22학년도 프로그래밍 언어 - C++\C_Double_Plus_in_2022_Practice\source_code\Practice_8\Practice_8\main.cpp(58): message : 컴파일되는 함수 템플릿 인스턴스화 'T_Entry<K,V> *HeapPrioQueue<K,V>::removeHeapMin(void)'에 대한 참조를 확인하세요.
          with
          [
              K=int,
              V=Event *
          ]
D:\용량부족\비주얼 스튜디오\22학년도 프로그래밍 언어 - C++\C_Double_Plus_in_2022_Practice\source_code\Practice_8\Practice_8\HeapPrioQ.h(83,1): error C2563: 정식 매개 변수 목록과 일치하지 않는 항목이 있습니다.
D:\용량부족\비주얼 스튜디오\22학년도 프로그래밍 언어 - C++\C_Double_Plus_in_2022_Practice\source_code\Practice_8\Practice_8\HeapPrioQ.h(83,1): error C2568: '[': 함수 오버로드를 확인할 수 없습니다.
D:\용량부족\비주얼 스튜디오\22학년도 프로그래밍 언어 - C++\C_Double_Plus_in_2022_Practice\source_code\Practice_8\Practice_8\HeapPrioQ.h(83,1): message : '_Ty *std::end(_Ty (&)[_Size]) noexcept'일 수 있습니다.
D:\용량부족\비주얼 스튜디오\22학년도 프로그래밍 언어 - C++\C_Double_Plus_in_2022_Practice\source_code\Practice_8\Practice_8\HeapPrioQ.h(83,1): message : 또는       'unknown-type std::end(const _Container &)'
D:\용량부족\비주얼 스튜디오\22학년도 프로그래밍 언어 - C++\C_Double_Plus_in_2022_Practice\source_code\Practice_8\Practice_8\HeapPrioQ.h(83,1): message : 또는       'unknown-type std::end(_Container &)'
D:\용량부족\비주얼 스튜디오\22학년도 프로그래밍 언어 - C++\C_Double_Plus_in_2022_Practice\source_code\Practice_8\Practice_8\HeapPrioQ.h(83,1): message : 또는       'const _Elem *std::end(std::initializer_list<_Elem>) noexcept'
